<?xml version="1.0" encoding="UTF-8"?>
<testng-results skipped="0" failed="0" ignored="0" total="1" passed="1">
  <reporter-output>
  </reporter-output>
  <suite name="Default suite" duration-ms="99591" started-at="2020-11-02T11:55:12Z" finished-at="2020-11-02T11:56:51Z">
    <groups>
    </groups>
    <test name="Default test" duration-ms="99591" started-at="2020-11-02T11:55:12Z" finished-at="2020-11-02T11:56:51Z">
      <class name="com.kw.test.LoginTest">
        <test-method status="PASS" signature="logintest()[pri:0, instance:com.kw.test.LoginTest@12f41634]" name="logintest" duration-ms="99540" started-at="2020-11-02T11:55:12Z" finished-at="2020-11-02T11:56:51Z">
          <reporter-output>
          </reporter-output>
        </test-method> <!-- logintest -->
      </class> <!-- com.kw.test.LoginTest -->
    </test> <!-- Default test -->
  </suite> <!-- Default suite -->
</testng-results>
